
Showing logs for build [32mcb-kubecd-environment-pr-188-1-9n95p-2[0m stage [32mfrom-build-pack[0m and container [32mstep-credential-initializer-j57k4[0m
{"level":"warn","ts":1585165918.2126899,"logger":"fallback-logger","caller":"logging/config.go:69","msg":"Fetch GitHub commit ID from kodata failed: \"ref: refs/heads/0.8.0-**-support-backwards-incompats\" is not a valid GitHub commit ID"}
{"level":"info","ts":1585165918.2149038,"logger":"fallback-logger","caller":"creds-init/main.go:40","msg":"Credentials initialized."}

Showing logs for build [32mcb-kubecd-environment-pr-188-1-9n95p-2[0m stage [32mfrom-build-pack[0m and container [32mstep-working-dir-initializer-dt96j[0m
{"level":"warn","ts":1585165919.5710707,"logger":"fallback-logger","caller":"logging/config.go:69","msg":"Fetch GitHub commit ID from kodata failed: open /var/run/ko/HEAD: no such file or directory"}
{"level":"info","ts":1585165919.5726726,"logger":"fallback-logger","caller":"bash/main.go:64","msg":"Successfully executed command \"sh -c mkdir -p /workspace/source\"; output "}

Showing logs for build [32mcb-kubecd-environment-pr-188-1-9n95p-2[0m stage [32mfrom-build-pack[0m and container [32mstep-place-tools[0m

Showing logs for build [32mcb-kubecd-environment-pr-188-1-9n95p-2[0m stage [32mfrom-build-pack[0m and container [32mstep-git-source-cb-kubecd-environment-pr-188-1-9n95p-tlrlp[0m
{"level":"warn","ts":1585165924.6130216,"logger":"fallback-logger","caller":"logging/config.go:69","msg":"Fetch GitHub commit ID from kodata failed: \"ref: refs/heads/0.8.0-**-support-backwards-incompats\" is not a valid GitHub commit ID"}
{"level":"info","ts":1585165925.6692603,"logger":"fallback-logger","caller":"git/git.go:103","msg":"Successfully cloned https://github.com/cb-kubecd/environment-pr-188-1-boot-gke-staging.git @ master in path /workspace/source"}

Showing logs for build [32mcb-kubecd-environment-pr-188-1-9n95p-2[0m stage [32mfrom-build-pack[0m and container [32mstep-git-merge[0m
Using SHAs from PULL_REFS=master:914edc9e6f29089cc8195f8dd332fc16732f762d,8:aa236aac9c2b93c536c133a2ad60676cb3363eb4
DEBUG: LC_ALL=C JX_LOG_LEVEL=error git fetch origin --unshallow aa236aac9c2b93c536c133a2ad60676cb3363eb4: 914edc9e6f29089cc8195f8dd332fc16732f762d:
DEBUG: ran git fetch --unshallow origin aa236aac9c2b93c536c133a2ad60676cb3363eb4: 914edc9e6f29089cc8195f8dd332fc16732f762d: in 
DEBUG: LC_ALL=C JX_LOG_LEVEL=error git branch
DEBUG: LC_ALL=C JX_LOG_LEVEL=error git checkout master
DEBUG: ran git checkout master in 
DEBUG: LC_ALL=C JX_LOG_LEVEL=error git reset --hard 914edc9e6f29089cc8195f8dd332fc16732f762d
DEBUG: ran git reset --hard 914edc9e6f29089cc8195f8dd332fc16732f762d in 
DEBUG: LC_ALL=C JX_LOG_LEVEL=error git clean -fd .
DEBUG: ran clean --force -d . in 
DEBUG: LC_ALL=C JX_LOG_LEVEL=error git merge aa236aac9c2b93c536c133a2ad60676cb3363eb4
DEBUG: ran git merge aa236aac9c2b93c536c133a2ad60676cb3363eb4 in 
DEBUG: LC_ALL=C JX_LOG_LEVEL=error git log --format=%H%x1f%an%x1f%ae%x1f%cn%x1f%ce%x1f%s%n%b%x1e 914edc9e6f29089cc8195f8dd332fc16732f762d..HEAD
Merged SHA aa236aac9c2b93c536c133a2ad60676cb3363eb4 with commit message 'chore: Promote bdd-sbhg-import-1585164052 to version 0.0.1' into base branch master

Showing logs for build [32mcb-kubecd-environment-pr-188-1-9n95p-2[0m stage [32mfrom-build-pack[0m and container [32mstep-build-helm-build[0m
WARNING: No $CHART_REPOSITORY defined so using the default value of: http://jenkins-x-chartmuseum:8080
Adding missing Helm repo: storage.googleapis.com https://storage.googleapis.com/chartmuseum.jenkins-x.io
WARNING: No secrets found on "helm/repos" due: reading the secret "helm/repos" from vault: no secret "helm/repos" not found in vault
Read credentials for https://storage.googleapis.com/chartmuseum.jenkins-x.io from vault helm/repos
Successfully added Helm repository storage.googleapis.com.
Adding missing Helm repo: jenkins-x-chartmuseum http://jenkins-x-chartmuseum:8080
WARNING: No secrets found on "helm/repos" due: reading the secret "helm/repos" from vault: no secret "helm/repos" not found in vault
Read credentials for http://jenkins-x-chartmuseum:8080 from vault helm/repos
Successfully added Helm repository jenkins-x-chartmuseum.
WARNING: No $CHART_REPOSITORY defined so using the default value of: http://jenkins-x-chartmuseum:8080
Adding missing Helm repo: chartmuseum.jenkins-x.io http://chartmuseum.jenkins-x.io
WARNING: No secrets found on "helm/repos" due: reading the secret "helm/repos" from vault: no secret "helm/repos" not found in vault
Read credentials for http://chartmuseum.jenkins-x.io from vault helm/repos
Successfully added Helm repository chartmuseum.jenkins-x.io.
