
Showing logs for build [32mcb-kubecd-environment-pr-188-1-44tfn-1[0m stage [32mfrom-build-pack[0m and container [32mstep-credential-initializer-sfhcb[0m
{"level":"warn","ts":1585163473.2351224,"logger":"fallback-logger","caller":"logging/config.go:69","msg":"Fetch GitHub commit ID from kodata failed: \"ref: refs/heads/0.8.0-**-support-backwards-incompats\" is not a valid GitHub commit ID"}
{"level":"info","ts":1585163473.2361217,"logger":"fallback-logger","caller":"creds-init/main.go:40","msg":"Credentials initialized."}

Showing logs for build [32mcb-kubecd-environment-pr-188-1-44tfn-1[0m stage [32mfrom-build-pack[0m and container [32mstep-working-dir-initializer-vwc8c[0m
{"level":"warn","ts":1585163474.5946894,"logger":"fallback-logger","caller":"logging/config.go:69","msg":"Fetch GitHub commit ID from kodata failed: open /var/run/ko/HEAD: no such file or directory"}
{"level":"info","ts":1585163474.5966375,"logger":"fallback-logger","caller":"bash/main.go:64","msg":"Successfully executed command \"sh -c mkdir -p /workspace/source\"; output "}

Showing logs for build [32mcb-kubecd-environment-pr-188-1-44tfn-1[0m stage [32mfrom-build-pack[0m and container [32mstep-place-tools[0m

Showing logs for build [32mcb-kubecd-environment-pr-188-1-44tfn-1[0m stage [32mfrom-build-pack[0m and container [32mstep-git-source-cb-kubecd-environment-pr-188-1-44tfn-b54nh[0m
{"level":"warn","ts":1585163480.772717,"logger":"fallback-logger","caller":"logging/config.go:69","msg":"Fetch GitHub commit ID from kodata failed: \"ref: refs/heads/0.8.0-**-support-backwards-incompats\" is not a valid GitHub commit ID"}
{"level":"info","ts":1585163481.8278384,"logger":"fallback-logger","caller":"git/git.go:103","msg":"Successfully cloned https://github.com/cb-kubecd/environment-pr-188-1-boot-gke-staging.git @ master in path /workspace/source"}

Showing logs for build [32mcb-kubecd-environment-pr-188-1-44tfn-1[0m stage [32mfrom-build-pack[0m and container [32mstep-git-merge[0m
Using SHAs from PULL_REFS=master:4c373bad886e4ee5c0eeca7c39a85da6b59e4c0a,4:f6c4705ee7045de70ef73cb313b3b0e210e529db
DEBUG: LC_ALL=C JX_LOG_LEVEL=error git fetch origin --unshallow f6c4705ee7045de70ef73cb313b3b0e210e529db: 4c373bad886e4ee5c0eeca7c39a85da6b59e4c0a:
DEBUG: ran git fetch --unshallow origin f6c4705ee7045de70ef73cb313b3b0e210e529db: 4c373bad886e4ee5c0eeca7c39a85da6b59e4c0a: in 
DEBUG: LC_ALL=C JX_LOG_LEVEL=error git branch
DEBUG: LC_ALL=C JX_LOG_LEVEL=error git checkout master
DEBUG: ran git checkout master in 
DEBUG: LC_ALL=C JX_LOG_LEVEL=error git reset --hard 4c373bad886e4ee5c0eeca7c39a85da6b59e4c0a
DEBUG: ran git reset --hard 4c373bad886e4ee5c0eeca7c39a85da6b59e4c0a in 
DEBUG: LC_ALL=C JX_LOG_LEVEL=error git clean -fd .
DEBUG: ran clean --force -d . in 
DEBUG: LC_ALL=C JX_LOG_LEVEL=error git merge f6c4705ee7045de70ef73cb313b3b0e210e529db
DEBUG: ran git merge f6c4705ee7045de70ef73cb313b3b0e210e529db in 
DEBUG: LC_ALL=C JX_LOG_LEVEL=error git log --format=%H%x1f%an%x1f%ae%x1f%cn%x1f%ce%x1f%s%n%b%x1e 4c373bad886e4ee5c0eeca7c39a85da6b59e4c0a..HEAD
Merged SHA f6c4705ee7045de70ef73cb313b3b0e210e529db with commit message 'chore: Promote bdd-sbhg-1585161797 to version 0.0.1' into base branch master

Showing logs for build [32mcb-kubecd-environment-pr-188-1-44tfn-1[0m stage [32mfrom-build-pack[0m and container [32mstep-build-helm-build[0m
WARNING: No $CHART_REPOSITORY defined so using the default value of: http://jenkins-x-chartmuseum:8080
Adding missing Helm repo: storage.googleapis.com https://storage.googleapis.com/chartmuseum.jenkins-x.io
WARNING: No secrets found on "helm/repos" due: reading the secret "helm/repos" from vault: no secret "helm/repos" not found in vault
Read credentials for https://storage.googleapis.com/chartmuseum.jenkins-x.io from vault helm/repos
Successfully added Helm repository storage.googleapis.com.
Adding missing Helm repo: jenkins-x-chartmuseum http://jenkins-x-chartmuseum:8080
WARNING: No secrets found on "helm/repos" due: reading the secret "helm/repos" from vault: no secret "helm/repos" not found in vault
Read credentials for http://jenkins-x-chartmuseum:8080 from vault helm/repos
Successfully added Helm repository jenkins-x-chartmuseum.
WARNING: No $CHART_REPOSITORY defined so using the default value of: http://jenkins-x-chartmuseum:8080
Adding missing Helm repo: chartmuseum.jenkins-x.io http://chartmuseum.jenkins-x.io
WARNING: No secrets found on "helm/repos" due: reading the secret "helm/repos" from vault: no secret "helm/repos" not found in vault
Read credentials for http://chartmuseum.jenkins-x.io from vault helm/repos
Successfully added Helm repository chartmuseum.jenkins-x.io.
