
Showing logs for build [32mcb-kubecd-environment-pr-188-1-zp8k9-1[0m stage [32mfrom-build-pack[0m and container [32mstep-credential-initializer-cbcd2[0m
{"level":"warn","ts":1585161023.0991788,"logger":"fallback-logger","caller":"logging/config.go:69","msg":"Fetch GitHub commit ID from kodata failed: \"ref: refs/heads/0.8.0-**-support-backwards-incompats\" is not a valid GitHub commit ID"}
{"level":"info","ts":1585161023.0997252,"logger":"fallback-logger","caller":"creds-init/main.go:40","msg":"Credentials initialized."}

Showing logs for build [32mcb-kubecd-environment-pr-188-1-zp8k9-1[0m stage [32mfrom-build-pack[0m and container [32mstep-working-dir-initializer-zmwvd[0m
{"level":"warn","ts":1585161024.054523,"logger":"fallback-logger","caller":"logging/config.go:69","msg":"Fetch GitHub commit ID from kodata failed: open /var/run/ko/HEAD: no such file or directory"}
{"level":"info","ts":1585161024.0566518,"logger":"fallback-logger","caller":"bash/main.go:64","msg":"Successfully executed command \"sh -c mkdir -p /workspace/source\"; output "}

Showing logs for build [32mcb-kubecd-environment-pr-188-1-zp8k9-1[0m stage [32mfrom-build-pack[0m and container [32mstep-place-tools[0m

Showing logs for build [32mcb-kubecd-environment-pr-188-1-zp8k9-1[0m stage [32mfrom-build-pack[0m and container [32mstep-git-source-cb-kubecd-environment-pr-188-1-zp8k9-8gngs[0m
{"level":"warn","ts":1585161028.186788,"logger":"fallback-logger","caller":"logging/config.go:69","msg":"Fetch GitHub commit ID from kodata failed: \"ref: refs/heads/0.8.0-**-support-backwards-incompats\" is not a valid GitHub commit ID"}
{"level":"info","ts":1585161029.2588603,"logger":"fallback-logger","caller":"git/git.go:103","msg":"Successfully cloned https://github.com/cb-kubecd/environment-pr-188-1-boot-gke-staging.git @ master in path /workspace/source"}

Showing logs for build [32mcb-kubecd-environment-pr-188-1-zp8k9-1[0m stage [32mfrom-build-pack[0m and container [32mstep-git-merge[0m
Using SHAs from PULL_REFS=master:9b59df4d6146c3a2d46c64cc6b20bc42ff0fe0dc,1:4af00a4d66fedf6f7df390b7c174740d6b1dfc7d
DEBUG: LC_ALL=C JX_LOG_LEVEL=error git fetch origin --unshallow 4af00a4d66fedf6f7df390b7c174740d6b1dfc7d: 9b59df4d6146c3a2d46c64cc6b20bc42ff0fe0dc:
DEBUG: ran git fetch --unshallow origin 4af00a4d66fedf6f7df390b7c174740d6b1dfc7d: 9b59df4d6146c3a2d46c64cc6b20bc42ff0fe0dc: in 
DEBUG: LC_ALL=C JX_LOG_LEVEL=error git branch
DEBUG: LC_ALL=C JX_LOG_LEVEL=error git checkout master
DEBUG: ran git checkout master in 
DEBUG: JX_LOG_LEVEL=error LC_ALL=C git reset --hard 9b59df4d6146c3a2d46c64cc6b20bc42ff0fe0dc
DEBUG: ran git reset --hard 9b59df4d6146c3a2d46c64cc6b20bc42ff0fe0dc in 
DEBUG: LC_ALL=C JX_LOG_LEVEL=error git clean -fd .
DEBUG: ran clean --force -d . in 
DEBUG: JX_LOG_LEVEL=error LC_ALL=C git merge 4af00a4d66fedf6f7df390b7c174740d6b1dfc7d
DEBUG: ran git merge 4af00a4d66fedf6f7df390b7c174740d6b1dfc7d in 
DEBUG: LC_ALL=C JX_LOG_LEVEL=error git log --format=%H%x1f%an%x1f%ae%x1f%cn%x1f%ce%x1f%s%n%b%x1e 9b59df4d6146c3a2d46c64cc6b20bc42ff0fe0dc..HEAD
Merged SHA 4af00a4d66fedf6f7df390b7c174740d6b1dfc7d with commit message 'chore: Promote bdd-spring-1585160719 to version 0.0.1' into base branch master

Showing logs for build [32mcb-kubecd-environment-pr-188-1-zp8k9-1[0m stage [32mfrom-build-pack[0m and container [32mstep-build-helm-build[0m
WARNING: No $CHART_REPOSITORY defined so using the default value of: http://jenkins-x-chartmuseum:8080
Adding missing Helm repo: storage.googleapis.com https://storage.googleapis.com/chartmuseum.jenkins-x.io
WARNING: No secrets found on "helm/repos" due: reading the secret "helm/repos" from vault: no secret "helm/repos" not found in vault
Read credentials for https://storage.googleapis.com/chartmuseum.jenkins-x.io from vault helm/repos
Successfully added Helm repository storage.googleapis.com.
Adding missing Helm repo: jenkins-x-chartmuseum http://jenkins-x-chartmuseum:8080
WARNING: No secrets found on "helm/repos" due: reading the secret "helm/repos" from vault: no secret "helm/repos" not found in vault
Read credentials for http://jenkins-x-chartmuseum:8080 from vault helm/repos
Successfully added Helm repository jenkins-x-chartmuseum.
WARNING: No $CHART_REPOSITORY defined so using the default value of: http://jenkins-x-chartmuseum:8080
Adding missing Helm repo: chartmuseum.jenkins-x.io http://chartmuseum.jenkins-x.io
WARNING: No secrets found on "helm/repos" due: reading the secret "helm/repos" from vault: no secret "helm/repos" not found in vault
Read credentials for http://chartmuseum.jenkins-x.io from vault helm/repos
Successfully added Helm repository chartmuseum.jenkins-x.io.
